2020-10-22 12:00:38,388 purgessimcmdln_individual.py
2020-10-22 12:00:55,207 purgessimcmdln_individual.py
2020-10-22 12:00:55,208 45
2020-10-22 12:00:55,208 45
2020-10-22 12:00:55,208 C:\Users\GunagiSa\OneDrive
2020-10-22 12:00:55,210 -----------------------------------------------------------
2020-10-22 12:00:55,210 -----------------------------------------------------------
2020-10-22 12:02:00,857 purgessimcmdln_individual.py
2020-10-22 12:02:00,857 45
2020-10-22 12:02:00,857 45
2020-10-22 12:02:00,857 C:\Program
2020-10-22 12:02:00,858 -----------------------------------------------------------
2020-10-22 12:02:00,858 -----------------------------------------------------------
2020-10-22 12:09:47,468 purgessimcmdln_individual.py
2020-10-22 12:09:47,468 45
2020-10-22 12:09:47,468 45
2020-10-22 12:09:47,468 cls
2020-10-22 12:09:47,468 -----------------------------------------------------------
2020-10-22 12:09:47,468 -----------------------------------------------------------
2020-10-22 12:09:52,928 purgessimcmdln_individual.py
2020-10-22 12:09:52,928 45
2020-10-22 12:09:52,928 45
2020-10-22 12:09:52,928 E:/aircoreProjects/data/aircorecargo/AC/cfd/ssim
2020-10-22 12:09:52,928 -----------------------------------------------------------
2020-10-22 12:09:52,928 -----------------------------------------------------------
